2020-12-15 10:45:52,868  INFO [main] Runner:36 - clicking on searchbox done
2020-12-15 10:45:53,173  INFO [main] Runner:36 - sending keys to searchbox
2020-12-15 10:46:00,622  INFO [main] Runner:36 - clicking on search button
2020-12-15 10:46:03,363  INFO [main] Runner:36 - clicked item from list
2020-12-15 10:46:08,513  INFO [main] Runner:36 - clicking add to cart successfull
2020-12-15 10:46:12,092  INFO [main] Runner:36 - clicking proceed to buy successfull
2020-12-15 10:46:12,285 DEBUG [main] cache:45 - Couldn't find template in cache for "Extent.ftl"("en_IN", UTF-8, parsed); will try to load it.
2020-12-15 10:46:12,352 DEBUG [main] cache:45 - TemplateLoader.findTemplateSource("Extent_en_IN.ftl"): Not found
2020-12-15 10:46:12,355 DEBUG [main] cache:45 - TemplateLoader.findTemplateSource("Extent_en.ftl"): Not found
2020-12-15 10:46:12,356 DEBUG [main] cache:45 - TemplateLoader.findTemplateSource("Extent.ftl"): Found
2020-12-15 10:46:12,357 DEBUG [main] cache:45 - Loading template for "Extent.ftl"("en_IN", UTF-8, parsed) from "jar:file:/C:/Users/s/.m2/repository/com/relevantcodes/extentreports/2.41.2/extentreports-2.41.2.jar!/com/relevantcodes/extentreports/view/Extent.ftl"
2020-12-15 10:46:42,596  INFO [main] Runner:36 - Signing in button successfull
2020-12-15 10:46:42,988  INFO [main] Runner:36 - entering email successfull
2020-12-15 10:46:45,607  INFO [main] Runner:36 - clicking continue successfull
2020-12-15 10:46:46,214  INFO [main] Runner:36 - entering password successfull
2020-12-15 10:46:46,359  INFO [main] Runner:36 - clicking login successfull
2020-12-15 10:47:32,711  INFO [main] Runner:36 - Signing in button successfull
2020-12-15 10:47:32,932  INFO [main] Runner:36 - entering email successfull
2020-12-15 10:47:34,532  INFO [main] Runner:36 - clicking continue successfull
2020-12-15 10:47:34,661  INFO [main] Runner:36 - entering password successfull
2020-12-15 10:47:34,874  INFO [main] Runner:36 - clicking login successfull
2020-12-15 10:47:57,295  INFO [main] Runner:36 - page got verified
2020-12-15 10:47:57,496 DEBUG [main] cache:45 - Couldn't find template in cache for "Extent.ftl"("en_IN", UTF-8, parsed); will try to load it.
2020-12-15 10:47:57,497 DEBUG [main] cache:45 - TemplateLoader.findTemplateSource("Extent_en_IN.ftl"): Not found
2020-12-15 10:47:57,498 DEBUG [main] cache:45 - TemplateLoader.findTemplateSource("Extent_en.ftl"): Not found
2020-12-15 10:47:57,499 DEBUG [main] cache:45 - TemplateLoader.findTemplateSource("Extent.ftl"): Found
2020-12-15 10:47:57,500 DEBUG [main] cache:45 - Loading template for "Extent.ftl"("en_IN", UTF-8, parsed) from "jar:file:/C:/Users/s/.m2/repository/com/relevantcodes/extentreports/2.41.2/extentreports-2.41.2.jar!/com/relevantcodes/extentreports/view/Extent.ftl"
